<?xml version="1.0" encoding="UTF-8"?>
<testsuite xmlns:xsi="http://www.w3.org/2001/XMLSchema-instance" xsi:noNamespaceSchemaLocation="https://maven.apache.org/surefire/maven-surefire-plugin/xsd/surefire-test-report-3.0.xsd" version="3.0" name="com.tecomerce.productservice.MicProductServiceApplicationTests" time="24.572" tests="1" errors="0" skipped="0" failures="0">
  <properties>
[...]
</properties>
  <testcase name="contextLoads" classname="com.tecomerce.productservice.MicProductServiceApplicationTests" time="2.068">
    <system-out><![CDATA[16:50:49.033 [main] INFO org.springframework.test.context.support.AnnotationConfigContextLoaderUtils -- Could not detect default configuration classes for test class [com.tecomerce.productservice.MicProductServiceApplicationTests]: MicProductServiceApplicationTests does not declare any static, non-private, non-final, nested classes annotated with @Configuration.
16:50:49.454 [main] INFO org.springframework.boot.test.context.SpringBootTestContextBootstrapper -- Found @SpringBootConfiguration com.tecomerce.productservice.MicProductServiceApplication for test class com.tecomerce.productservice.MicProductServiceApplicationTests
16:50:50.172 [main] INFO org.springframework.boot.devtools.restart.RestartApplicationListener -- Restart disabled due to context in which it is running

  .   ____          _            __ _ _
 /\\ / ___'_ __ _ _(_)_ __  __ _ \ \ \ \
( ( )\___ | '_ | '_| | '_ \/ _` | \ \ \ \
 \\/  ___)| |_)| | | | | || (_| |  ) ) ) )
  '  |____| .__|_| |_|_| |_\__, | / / / /
 =========|_|==============|___/=/_/_/_/
 :: Spring Boot ::                (v3.2.5)

2024-04-29T16:50:51.447+02:00  INFO 19676 --- [productservice] [           main] c.t.p.MicProductServiceApplicationTests  : Starting MicProductServiceApplicationTests using Java 17.0.7 with PID 19676 (started by jefinol in C:\vamos\mic-productservice)
2024-04-29T16:50:51.451+02:00  INFO 19676 --- [productservice] [           main] c.t.p.MicProductServiceApplicationTests  : No active profile set, falling back to 1 default profile: "default"
2024-04-29T16:50:54.657+02:00  INFO 19676 --- [productservice] [           main] .s.d.r.c.RepositoryConfigurationDelegate : Bootstrapping Spring Data JPA repositories in DEFAULT mode.
2024-04-29T16:50:54.917+02:00  INFO 19676 --- [productservice] [           main] .s.d.r.c.RepositoryConfigurationDelegate : Finished Spring Data repository scanning in 223 ms. Found 1 JPA repository interface.
2024-04-29T16:50:56.827+02:00  INFO 19676 --- [productservice] [           main] o.hibernate.jpa.internal.util.LogHelper  : HHH000204: Processing PersistenceUnitInfo [name: default]
2024-04-29T16:50:57.245+02:00  INFO 19676 --- [productservice] [           main] org.hibernate.Version                    : HHH000412: Hibernate ORM core version 6.4.4.Final
2024-04-29T16:50:57.461+02:00  INFO 19676 --- [productservice] [           main] o.h.c.internal.RegionFactoryInitiator    : HHH000026: Second-level cache disabled
2024-04-29T16:50:58.940+02:00  INFO 19676 --- [productservice] [           main] o.s.o.j.p.SpringPersistenceUnitInfo      : No LoadTimeWeaver setup: ignoring JPA class transformer
2024-04-29T16:50:59.056+02:00  INFO 19676 --- [productservice] [           main] com.zaxxer.hikari.HikariDataSource       : HikariPool-1 - Starting...
2024-04-29T16:51:02.043+02:00  INFO 19676 --- [productservice] [           main] com.zaxxer.hikari.pool.HikariPool        : HikariPool-1 - Added connection org.postgresql.jdbc.PgConnection@3e04abc5
2024-04-29T16:51:02.051+02:00  INFO 19676 --- [productservice] [           main] com.zaxxer.hikari.HikariDataSource       : HikariPool-1 - Start completed.
2024-04-29T16:51:02.388+02:00  WARN 19676 --- [productservice] [           main] org.hibernate.orm.deprecation            : HHH90000025: PostgreSQLDialect does not need to be specified explicitly using 'hibernate.dialect' (remove the property setting and it will be selected by default)
2024-04-29T16:51:06.103+02:00  INFO 19676 --- [productservice] [           main] o.h.e.t.j.p.i.JtaPlatformInitiator       : HHH000489: No JTA platform available (set 'hibernate.transaction.jta.platform' to enable JTA platform integration)
2024-04-29T16:51:07.017+02:00  INFO 19676 --- [productservice] [           main] j.LocalContainerEntityManagerFactoryBean : Initialized JPA EntityManagerFactory for persistence unit 'default'
2024-04-29T16:51:08.852+02:00  WARN 19676 --- [productservice] [           main] JpaBaseConfiguration$JpaWebConfiguration : spring.jpa.open-in-view is enabled by default. Therefore, database queries may be performed during view rendering. Explicitly configure spring.jpa.open-in-view to disable this warning
2024-04-29T16:51:10.692+02:00  INFO 19676 --- [productservice] [           main] c.t.p.MicProductServiceApplicationTests  : Started MicProductServiceApplicationTests in 20.568 seconds (process running for 24.809)
]]></system-out>
  </testcase>
</testsuite>